<?xml version="1.0" encoding="utf-8"?>
<test-run id="0" testcasecount="16" result="Passed" total="16" passed="16" failed="0" inconclusive="0" skipped="0" asserts="40" portable-engine-version="3.3.0.0" start-time="2016-10-24 23:47:55Z" end-time="2016-10-24 23:47:56Z" duration="0.956022">
  <test-suite type="Assembly" id="1022" name="OneTimePassword.Test, Version=1.0.0.0, Culture=neutral, PublicKeyToken=null" fullname="OneTimePassword.Test, Version=1.0.0.0, Culture=neutral, PublicKeyToken=null" runstate="Runnable" testcasecount="16" result="Passed" start-time="2016-10-24 23:47:55Z" end-time="2016-10-24 23:47:56Z" duration="0.718689" total="16" passed="16" failed="0" inconclusive="0" skipped="0" asserts="40">
    <settings>
      <setting name="WorkDirectory" value="D:\source\CS\OneTimePassword.Test" />
    </settings>
    <test-suite type="TestSuite" id="1023" name="OneTimePassword" fullname="OneTimePassword" runstate="Runnable" testcasecount="16" result="Passed" start-time="2016-10-24 23:47:55Z" end-time="2016-10-24 23:47:56Z" duration="0.704939" total="16" passed="16" failed="0" inconclusive="0" skipped="0" asserts="40">
      <test-suite type="TestSuite" id="1024" name="Test" fullname="OneTimePassword.Test" runstate="Runnable" testcasecount="16" result="Passed" start-time="2016-10-24 23:47:55Z" end-time="2016-10-24 23:47:56Z" duration="0.704565" total="16" passed="16" failed="0" inconclusive="0" skipped="0" asserts="40">
        <test-suite type="TestSuite" id="1026" name="IntegrationTests" fullname="OneTimePassword.Test.IntegrationTests" runstate="Runnable" testcasecount="3" result="Passed" start-time="2016-10-24 23:47:55Z" end-time="2016-10-24 23:47:55Z" duration="0.180460" total="3" passed="3" failed="0" inconclusive="0" skipped="0" asserts="6">
          <test-suite type="TestFixture" id="1018" name="PasswordGeneratorIntegrationTests" fullname="OneTimePassword.Test.IntegrationTests.PasswordGeneratorIntegrationTests" classname="OneTimePassword.Test.IntegrationTests.PasswordGeneratorIntegrationTests" runstate="Runnable" testcasecount="3" result="Passed" start-time="2016-10-24 23:47:55Z" end-time="2016-10-24 23:47:55Z" duration="0.173685" total="3" passed="3" failed="0" inconclusive="0" skipped="0" asserts="6">
            <test-case id="1020" name="GeneratorGeneratesDifferentPasswordsForDifferentKeys" fullname="OneTimePassword.Test.IntegrationTests.PasswordGeneratorIntegrationTests.GeneratorGeneratesDifferentPasswordsForDifferentKeys" methodname="GeneratorGeneratesDifferentPasswordsForDifferentKeys" classname="OneTimePassword.Test.IntegrationTests.PasswordGeneratorIntegrationTests" runstate="Runnable" seed="2008611085" result="Passed" start-time="2016-10-24 23:47:55Z" end-time="2016-10-24 23:47:55Z" duration="0.066348" asserts="1" />
            <test-case id="1021" name="GeneratorGeneratesDifferentPasswordsForDifferentUserIds" fullname="OneTimePassword.Test.IntegrationTests.PasswordGeneratorIntegrationTests.GeneratorGeneratesDifferentPasswordsForDifferentUserIds" methodname="GeneratorGeneratesDifferentPasswordsForDifferentUserIds" classname="OneTimePassword.Test.IntegrationTests.PasswordGeneratorIntegrationTests" runstate="Runnable" seed="719760816" result="Passed" start-time="2016-10-24 23:47:55Z" end-time="2016-10-24 23:47:55Z" duration="0.000836" asserts="1" />
            <test-case id="1019" name="GeneratorGeneratesSamePasswordForCloseDateTimeButDifferentForFarDates" fullname="OneTimePassword.Test.IntegrationTests.PasswordGeneratorIntegrationTests.GeneratorGeneratesSamePasswordForCloseDateTimeButDifferentForFarDates" methodname="GeneratorGeneratesSamePasswordForCloseDateTimeButDifferentForFarDates" classname="OneTimePassword.Test.IntegrationTests.PasswordGeneratorIntegrationTests" runstate="Runnable" seed="890040343" result="Passed" start-time="2016-10-24 23:47:55Z" end-time="2016-10-24 23:47:55Z" duration="0.001390" asserts="4" />
          </test-suite>
        </test-suite>
        <test-suite type="TestSuite" id="1025" name="UnitTests" fullname="OneTimePassword.Test.UnitTests" runstate="Runnable" testcasecount="13" result="Passed" start-time="2016-10-24 23:47:55Z" end-time="2016-10-24 23:47:56Z" duration="0.523369" total="13" passed="13" failed="0" inconclusive="0" skipped="0" asserts="34">
          <test-suite type="TestFixture" id="1000" name="HmacSha1ComputationStrategyTests" fullname="OneTimePassword.Test.UnitTests.HmacSha1ComputationStrategyTests" classname="OneTimePassword.Test.UnitTests.HmacSha1ComputationStrategyTests" runstate="Runnable" testcasecount="1" result="Passed" start-time="2016-10-24 23:47:55Z" end-time="2016-10-24 23:47:55Z" duration="0.008806" total="1" passed="1" failed="0" inconclusive="0" skipped="0" asserts="24">
            <test-case id="1001" name="StrategyComputesDifferentHmacOfDifferentSampleData" fullname="OneTimePassword.Test.UnitTests.HmacSha1ComputationStrategyTests.StrategyComputesDifferentHmacOfDifferentSampleData" methodname="StrategyComputesDifferentHmacOfDifferentSampleData" classname="OneTimePassword.Test.UnitTests.HmacSha1ComputationStrategyTests" runstate="Runnable" seed="1435470266" result="Passed" start-time="2016-10-24 23:47:55Z" end-time="2016-10-24 23:47:55Z" duration="0.006918" asserts="24" />
          </test-suite>
          <test-suite type="TestFixture" id="1002" name="HmacSha1PasswordSelectionStrategyTests" fullname="OneTimePassword.Test.UnitTests.HmacSha1PasswordSelectionStrategyTests" classname="OneTimePassword.Test.UnitTests.HmacSha1PasswordSelectionStrategyTests" runstate="Runnable" testcasecount="2" result="Passed" start-time="2016-10-24 23:47:55Z" end-time="2016-10-24 23:47:55Z" duration="0.009655" total="2" passed="2" failed="0" inconclusive="0" skipped="0" asserts="2">
            <test-case id="1003" name="StrategyReturnsExpectedPasswordForUsualSizeArray" fullname="OneTimePassword.Test.UnitTests.HmacSha1PasswordSelectionStrategyTests.StrategyReturnsExpectedPasswordForUsualSizeArray" methodname="StrategyReturnsExpectedPasswordForUsualSizeArray" classname="OneTimePassword.Test.UnitTests.HmacSha1PasswordSelectionStrategyTests" runstate="Runnable" seed="251304944" result="Passed" start-time="2016-10-24 23:47:55Z" end-time="2016-10-24 23:47:55Z" duration="0.001666" asserts="1" />
            <test-case id="1004" name="StrategyReturnsZeroPaddedPasswordForValueWithNotEnoughDigits" fullname="OneTimePassword.Test.UnitTests.HmacSha1PasswordSelectionStrategyTests.StrategyReturnsZeroPaddedPasswordForValueWithNotEnoughDigits" methodname="StrategyReturnsZeroPaddedPasswordForValueWithNotEnoughDigits" classname="OneTimePassword.Test.UnitTests.HmacSha1PasswordSelectionStrategyTests" runstate="Runnable" seed="1009764499" result="Passed" start-time="2016-10-24 23:47:55Z" end-time="2016-10-24 23:47:55Z" duration="0.001631" asserts="1" />
          </test-suite>
          <test-suite type="TestFixture" id="1005" name="OneTimePasswordGeneratorFactoryTests" fullname="OneTimePassword.Test.UnitTests.OneTimePasswordGeneratorFactoryTests" classname="OneTimePassword.Test.UnitTests.OneTimePasswordGeneratorFactoryTests" runstate="Runnable" testcasecount="1" result="Passed" start-time="2016-10-24 23:47:55Z" end-time="2016-10-24 23:47:55Z" duration="0.016150" total="1" passed="1" failed="0" inconclusive="0" skipped="0" asserts="2">
            <test-case id="1006" name="FactoryCreatesExpectedGenerator" fullname="OneTimePassword.Test.UnitTests.OneTimePasswordGeneratorFactoryTests.FactoryCreatesExpectedGenerator" methodname="FactoryCreatesExpectedGenerator" classname="OneTimePassword.Test.UnitTests.OneTimePasswordGeneratorFactoryTests" runstate="Runnable" seed="860272275" result="Passed" start-time="2016-10-24 23:47:55Z" end-time="2016-10-24 23:47:55Z" duration="0.011115" asserts="2" />
          </test-suite>
          <test-suite type="TestFixture" id="1007" name="OneTimePasswordGeneratorTests" fullname="OneTimePassword.Test.UnitTests.OneTimePasswordGeneratorTests" classname="OneTimePassword.Test.UnitTests.OneTimePasswordGeneratorTests" runstate="Runnable" testcasecount="3" result="Passed" start-time="2016-10-24 23:47:55Z" end-time="2016-10-24 23:47:56Z" duration="0.464006" total="3" passed="3" failed="0" inconclusive="0" skipped="0" asserts="0">
            <test-case id="1009" name="GeneratorCallsHmacAlgorithmOnceWithProviderInput" fullname="OneTimePassword.Test.UnitTests.OneTimePasswordGeneratorTests.GeneratorCallsHmacAlgorithmOnceWithProviderInput" methodname="GeneratorCallsHmacAlgorithmOnceWithProviderInput" classname="OneTimePassword.Test.UnitTests.OneTimePasswordGeneratorTests" runstate="Runnable" seed="1163830325" result="Passed" start-time="2016-10-24 23:47:55Z" end-time="2016-10-24 23:47:56Z" duration="0.439712" asserts="0" />
            <test-case id="1008" name="GeneratorCallsTimeCounterProviderOnce" fullname="OneTimePassword.Test.UnitTests.OneTimePasswordGeneratorTests.GeneratorCallsTimeCounterProviderOnce" methodname="GeneratorCallsTimeCounterProviderOnce" classname="OneTimePassword.Test.UnitTests.OneTimePasswordGeneratorTests" runstate="Runnable" seed="118387180" result="Passed" start-time="2016-10-24 23:47:56Z" end-time="2016-10-24 23:47:56Z" duration="0.004712" asserts="0" />
            <test-case id="1010" name="GeneratorSelectsPasswordDigitsFromTheHmacPayload" fullname="OneTimePassword.Test.UnitTests.OneTimePasswordGeneratorTests.GeneratorSelectsPasswordDigitsFromTheHmacPayload" methodname="GeneratorSelectsPasswordDigitsFromTheHmacPayload" classname="OneTimePassword.Test.UnitTests.OneTimePasswordGeneratorTests" runstate="Runnable" seed="766703005" result="Passed" start-time="2016-10-24 23:47:56Z" end-time="2016-10-24 23:47:56Z" duration="0.014908" asserts="0" />
          </test-suite>
          <test-suite type="TestFixture" id="1011" name="TimeCounterProviderTests" fullname="OneTimePassword.Test.UnitTests.TimeCounterProviderTests" classname="OneTimePassword.Test.UnitTests.TimeCounterProviderTests" runstate="Runnable" testcasecount="6" result="Passed" start-time="2016-10-24 23:47:56Z" end-time="2016-10-24 23:47:56Z" duration="0.021944" total="6" passed="6" failed="0" inconclusive="0" skipped="0" asserts="6">
            <test-case id="1017" name="ProviderReturnsCorrectValueWhenParameterIsPositiveLargeValue" fullname="OneTimePassword.Test.UnitTests.TimeCounterProviderTests.ProviderReturnsCorrectValueWhenParameterIsPositiveLargeValue" methodname="ProviderReturnsCorrectValueWhenParameterIsPositiveLargeValue" classname="OneTimePassword.Test.UnitTests.TimeCounterProviderTests" runstate="Runnable" seed="429077009" result="Passed" start-time="2016-10-24 23:47:56Z" end-time="2016-10-24 23:47:56Z" duration="0.002172" asserts="1" />
            <test-case id="1015" name="ProviderReturnsCorrectValueWhenParameterIsPositiveSmallValue" fullname="OneTimePassword.Test.UnitTests.TimeCounterProviderTests.ProviderReturnsCorrectValueWhenParameterIsPositiveSmallValue" methodname="ProviderReturnsCorrectValueWhenParameterIsPositiveSmallValue" classname="OneTimePassword.Test.UnitTests.TimeCounterProviderTests" runstate="Runnable" seed="204568656" result="Passed" start-time="2016-10-24 23:47:56Z" end-time="2016-10-24 23:47:56Z" duration="0.000604" asserts="1" />
            <test-case id="1016" name="ProviderReturnsCorrectValueWhenParameterIsPositiveSmallValue2" fullname="OneTimePassword.Test.UnitTests.TimeCounterProviderTests.ProviderReturnsCorrectValueWhenParameterIsPositiveSmallValue2" methodname="ProviderReturnsCorrectValueWhenParameterIsPositiveSmallValue2" classname="OneTimePassword.Test.UnitTests.TimeCounterProviderTests" runstate="Runnable" seed="1410813196" result="Passed" start-time="2016-10-24 23:47:56Z" end-time="2016-10-24 23:47:56Z" duration="0.000519" asserts="1" />
            <test-case id="1014" name="ProviderReturnsT0WhenParameterIsBelowEpochPlusInterval" fullname="OneTimePassword.Test.UnitTests.TimeCounterProviderTests.ProviderReturnsT0WhenParameterIsBelowEpochPlusInterval" methodname="ProviderReturnsT0WhenParameterIsBelowEpochPlusInterval" classname="OneTimePassword.Test.UnitTests.TimeCounterProviderTests" runstate="Runnable" seed="1875885860" result="Passed" start-time="2016-10-24 23:47:56Z" end-time="2016-10-24 23:47:56Z" duration="0.000527" asserts="1" />
            <test-case id="1013" name="ProviderReturnsT0WhenParameterIsSameAsEpoch" fullname="OneTimePassword.Test.UnitTests.TimeCounterProviderTests.ProviderReturnsT0WhenParameterIsSameAsEpoch" methodname="ProviderReturnsT0WhenParameterIsSameAsEpoch" classname="OneTimePassword.Test.UnitTests.TimeCounterProviderTests" runstate="Runnable" seed="596478921" result="Passed" start-time="2016-10-24 23:47:56Z" end-time="2016-10-24 23:47:56Z" duration="0.000424" asserts="1" />
            <test-case id="1012" name="ProviderThrowsWhenInvalidTime" fullname="OneTimePassword.Test.UnitTests.TimeCounterProviderTests.ProviderThrowsWhenInvalidTime" methodname="ProviderThrowsWhenInvalidTime" classname="OneTimePassword.Test.UnitTests.TimeCounterProviderTests" runstate="Runnable" seed="483420948" result="Passed" start-time="2016-10-24 23:47:56Z" end-time="2016-10-24 23:47:56Z" duration="0.005099" asserts="1" />
          </test-suite>
        </test-suite>
      </test-suite>
    </test-suite>
  </test-suite>
</test-run>